C:\Program Files\Microsoft Visual Studio\2022\Community\MSBuild\Microsoft\VC\v170\Microsoft.CppBuild.targets(531,5): warning MSB8028: промежуточный каталог (MyChess3.1332738A\x64\Release\) содержит файлы, которые используются совместно с другим проектом (MyChess3.0 White Online (Server).vcxproj).  Это может привести к ошибкам очистки и перестроения.
  MainForm.cpp
D:\Labs_Prodjects_Education\My_repo_proj\MyChess3.0 Black ONLINE\Board.h(71,29): warning C4244: =: преобразование "wchar_t" в "char", возможна потеря данных
D:\Labs_Prodjects_Education\My_repo_proj\MyChess3.0 Black ONLINE\PawnClass.h(16,70): warning C4042: StartBoardPosition: имеет недопустимый класс хранения
D:\Labs_Prodjects_Education\My_repo_proj\MyChess3.0 Black ONLINE\PawnClass.h(110,56): warning C4042: Board: имеет недопустимый класс хранения
D:\Labs_Prodjects_Education\My_repo_proj\MyChess3.0 Black ONLINE\KnightClass.h(12,70): warning C4042: Board: имеет недопустимый класс хранения
D:\Labs_Prodjects_Education\My_repo_proj\MyChess3.0 Black ONLINE\KnightClass.h(32,56): warning C4042: Board: имеет недопустимый класс хранения
D:\Labs_Prodjects_Education\My_repo_proj\MyChess3.0 Black ONLINE\BishopClass.h(12,70): warning C4042: Board: имеет недопустимый класс хранения
D:\Labs_Prodjects_Education\My_repo_proj\MyChess3.0 Black ONLINE\BishopClass.h(55,56): warning C4042: Board: имеет недопустимый класс хранения
D:\Labs_Prodjects_Education\My_repo_proj\MyChess3.0 Black ONLINE\RookClass.h(12,70): warning C4042: Board: имеет недопустимый класс хранения
D:\Labs_Prodjects_Education\My_repo_proj\MyChess3.0 Black ONLINE\RookClass.h(70,56): warning C4042: Board: имеет недопустимый класс хранения
D:\Labs_Prodjects_Education\My_repo_proj\MyChess3.0 Black ONLINE\QueenClass.h(12,70): warning C4042: Board: имеет недопустимый класс хранения
D:\Labs_Prodjects_Education\My_repo_proj\MyChess3.0 Black ONLINE\QueenClass.h(55,56): warning C4042: Board: имеет недопустимый класс хранения
D:\Labs_Prodjects_Education\My_repo_proj\MyChess3.0 Black ONLINE\KingClass.h(9,43): warning C4042: Board: имеет недопустимый класс хранения
D:\Labs_Prodjects_Education\My_repo_proj\MyChess3.0 Black ONLINE\KingClass.h(20,70): warning C4042: Board: имеет недопустимый класс хранения
D:\Labs_Prodjects_Education\My_repo_proj\MyChess3.0 Black ONLINE\KingClass.h(81,42): warning C4042: Board: имеет недопустимый класс хранения
D:\Labs_Prodjects_Education\My_repo_proj\MyChess3.0 Black ONLINE\Pieces.h(12,43): warning C4042: Board: имеет недопустимый класс хранения
D:\Labs_Prodjects_Education\My_repo_proj\MyChess3.0 Black ONLINE\Pieces.h(67,63): warning C4042: Board: имеет недопустимый класс хранения
D:\Labs_Prodjects_Education\My_repo_proj\MyChess3.0 Black ONLINE\Pieces.h(76,19): warning C4965: неявная упаковка целого числа 0; используйте nullptr или явное приведение типов
D:\Labs_Prodjects_Education\My_repo_proj\MyChess3.0 Black ONLINE\Pieces.h(130,57): warning C4042: Board: имеет недопустимый класс хранения
D:\Labs_Prodjects_Education\My_repo_proj\MyChess3.0 Black ONLINE\MyForm.h(2428,17): warning C4677: NewPawn: сигнатура члена, не являющегося частным, содержит частный тип сборки "Pawn"
D:\Labs_Prodjects_Education\My_repo_proj\MyChess3.0 Black ONLINE\MyForm.h(2429,19): warning C4677: NewKnight: сигнатура члена, не являющегося частным, содержит частный тип сборки "Knight"
D:\Labs_Prodjects_Education\My_repo_proj\MyChess3.0 Black ONLINE\MyForm.h(2430,19): warning C4677: NewBishop: сигнатура члена, не являющегося частным, содержит частный тип сборки "Bishop"
D:\Labs_Prodjects_Education\My_repo_proj\MyChess3.0 Black ONLINE\MyForm.h(2431,17): warning C4677: NewRook: сигнатура члена, не являющегося частным, содержит частный тип сборки "Rook"
D:\Labs_Prodjects_Education\My_repo_proj\MyChess3.0 Black ONLINE\MyForm.h(2432,18): warning C4677: NewQueen: сигнатура члена, не являющегося частным, содержит частный тип сборки "Queen"
D:\Labs_Prodjects_Education\My_repo_proj\MyChess3.0 Black ONLINE\MyForm.h(2433,17): warning C4677: NewKing: сигнатура члена, не являющегося частным, содержит частный тип сборки "King"
D:\Labs_Prodjects_Education\My_repo_proj\MyChess3.0 Black ONLINE\MyForm.h(3545,18): warning C4677: NewServer: сигнатура члена, не являющегося частным, содержит частный тип сборки "Server"
D:\Labs_Prodjects_Education\My_repo_proj\MyChess3.0 Black ONLINE\MyForm.h(2408,30): warning C4965: неявная упаковка целого числа 0; используйте nullptr или явное приведение типов
D:\Labs_Prodjects_Education\My_repo_proj\MyChess3.0 Black ONLINE\MyForm.h(2409,27): warning C4965: неявная упаковка целого числа 0; используйте nullptr или явное приведение типов
D:\Labs_Prodjects_Education\My_repo_proj\MyChess3.0 Black ONLINE\MyForm.h(2410,26): warning C4965: неявная упаковка целого числа 0; используйте nullptr или явное приведение типов
D:\Labs_Prodjects_Education\My_repo_proj\MyChess3.0 Black ONLINE\MyForm.h(2411,31): warning C4965: неявная упаковка целого числа 0; используйте nullptr или явное приведение типов
D:\Labs_Prodjects_Education\My_repo_proj\MyChess3.0 Black ONLINE\MyForm.h(2412,26): warning C4965: неявная упаковка целого числа 0; используйте nullptr или явное приведение типов
D:\Labs_Prodjects_Education\My_repo_proj\MyChess3.0 Black ONLINE\MyForm.h(2488,18): warning C4244: инициализация: преобразование "__int64" в "int", возможна потеря данных
D:\Labs_Prodjects_Education\My_repo_proj\MyChess3.0 Black ONLINE\MyForm.h(2790,26): warning C4244: аргумент: преобразование "wchar_t" в "const _Elem", возможна потеря данных
D:\Labs_Prodjects_Education\My_repo_proj\MyChess3.0 Black ONLINE\MyForm.h(2790,26): warning C4244:         with
D:\Labs_Prodjects_Education\My_repo_proj\MyChess3.0 Black ONLINE\MyForm.h(2790,26): warning C4244:         [
D:\Labs_Prodjects_Education\My_repo_proj\MyChess3.0 Black ONLINE\MyForm.h(2790,26): warning C4244:             _Elem=char
D:\Labs_Prodjects_Education\My_repo_proj\MyChess3.0 Black ONLINE\MyForm.h(2790,26): warning C4244:         ]
D:\Labs_Prodjects_Education\My_repo_proj\MyChess3.0 Black ONLINE\MyForm.h(2791,26): warning C4244: аргумент: преобразование "wchar_t" в "const _Elem", возможна потеря данных
D:\Labs_Prodjects_Education\My_repo_proj\MyChess3.0 Black ONLINE\MyForm.h(2791,26): warning C4244:         with
D:\Labs_Prodjects_Education\My_repo_proj\MyChess3.0 Black ONLINE\MyForm.h(2791,26): warning C4244:         [
D:\Labs_Prodjects_Education\My_repo_proj\MyChess3.0 Black ONLINE\MyForm.h(2791,26): warning C4244:             _Elem=char
D:\Labs_Prodjects_Education\My_repo_proj\MyChess3.0 Black ONLINE\MyForm.h(2791,26): warning C4244:         ]
D:\Labs_Prodjects_Education\My_repo_proj\MyChess3.0 Black ONLINE\MyForm.h(3107,26): warning C4244: инициализация: преобразование "__int64" в "int", возможна потеря данных
D:\Labs_Prodjects_Education\My_repo_proj\MyChess3.0 Black ONLINE\MyForm.h(3346,17): warning C4965: неявная упаковка целого числа 0; используйте nullptr или явное приведение типов
D:\Labs_Prodjects_Education\My_repo_proj\MyChess3.0 Black ONLINE\MyForm.h(3347,16): warning C4965: неявная упаковка целого числа 0; используйте nullptr или явное приведение типов
D:\Labs_Prodjects_Education\My_repo_proj\MyChess3.0 Black ONLINE\Board.h(62,1): warning C4715: FindPiece: значение возвращается не при всех путях выполнения
D:\Labs_Prodjects_Education\My_repo_proj\MyChess3.0 Black ONLINE\PawnClass.h(108,1): warning C4715: Pawn::CheckForPossibleMove: значение возвращается не при всех путях выполнения
  MainForm.obj : обнаружен модуль MSIL; для MSIL последовательная компоновка отключена; выполняется полная компоновка
  MyChess3.0.vcxproj -> D:\Labs_Prodjects_Education\My_repo_proj\MyChess3.0 Black ONLINE\x64\Release\MyChess3.0 Black Online (Client).exe
