  MainForm.cpp
C:\Prog\My_repo_proj\MyChess3.0 LOCAL\Board.h(71,29): warning C4244: =: преобразование "wchar_t" в "char", возможна потеря данных
C:\Prog\My_repo_proj\MyChess3.0 LOCAL\PawnClass.h(16,70): warning C4042: StartBoardPosition: имеет недопустимый класс хранения
C:\Prog\My_repo_proj\MyChess3.0 LOCAL\PawnClass.h(110,56): warning C4042: Board: имеет недопустимый класс хранения
C:\Prog\My_repo_proj\MyChess3.0 LOCAL\KnightClass.h(12,70): warning C4042: Board: имеет недопустимый класс хранения
C:\Prog\My_repo_proj\MyChess3.0 LOCAL\KnightClass.h(32,56): warning C4042: Board: имеет недопустимый класс хранения
C:\Prog\My_repo_proj\MyChess3.0 LOCAL\BishopClass.h(12,70): warning C4042: Board: имеет недопустимый класс хранения
C:\Prog\My_repo_proj\MyChess3.0 LOCAL\BishopClass.h(55,56): warning C4042: Board: имеет недопустимый класс хранения
C:\Prog\My_repo_proj\MyChess3.0 LOCAL\RookClass.h(12,70): warning C4042: Board: имеет недопустимый класс хранения
C:\Prog\My_repo_proj\MyChess3.0 LOCAL\RookClass.h(70,56): warning C4042: Board: имеет недопустимый класс хранения
C:\Prog\My_repo_proj\MyChess3.0 LOCAL\QueenClass.h(12,70): warning C4042: Board: имеет недопустимый класс хранения
C:\Prog\My_repo_proj\MyChess3.0 LOCAL\QueenClass.h(55,56): warning C4042: Board: имеет недопустимый класс хранения
C:\Prog\My_repo_proj\MyChess3.0 LOCAL\KingClass.h(9,43): warning C4042: Board: имеет недопустимый класс хранения
C:\Prog\My_repo_proj\MyChess3.0 LOCAL\KingClass.h(20,70): warning C4042: Board: имеет недопустимый класс хранения
C:\Prog\My_repo_proj\MyChess3.0 LOCAL\KingClass.h(81,42): warning C4042: Board: имеет недопустимый класс хранения
C:\Prog\My_repo_proj\MyChess3.0 LOCAL\Pieces.h(12,43): warning C4042: Board: имеет недопустимый класс хранения
C:\Prog\My_repo_proj\MyChess3.0 LOCAL\Pieces.h(67,63): warning C4042: Board: имеет недопустимый класс хранения
C:\Prog\My_repo_proj\MyChess3.0 LOCAL\Pieces.h(76,19): warning C4965: неявная упаковка целого числа 0; используйте nullptr или явное приведение типов
C:\Prog\My_repo_proj\MyChess3.0 LOCAL\Pieces.h(130,57): warning C4042: Board: имеет недопустимый класс хранения
C:\Prog\My_repo_proj\MyChess3.0 LOCAL\MyForm.h(2355,17): warning C4677: NewPawn: сигнатура члена, не являющегося частным, содержит частный тип сборки "Pawn"
C:\Prog\My_repo_proj\MyChess3.0 LOCAL\MyForm.h(2356,19): warning C4677: NewKnight: сигнатура члена, не являющегося частным, содержит частный тип сборки "Knight"
C:\Prog\My_repo_proj\MyChess3.0 LOCAL\MyForm.h(2357,19): warning C4677: NewBishop: сигнатура члена, не являющегося частным, содержит частный тип сборки "Bishop"
C:\Prog\My_repo_proj\MyChess3.0 LOCAL\MyForm.h(2358,17): warning C4677: NewRook: сигнатура члена, не являющегося частным, содержит частный тип сборки "Rook"
C:\Prog\My_repo_proj\MyChess3.0 LOCAL\MyForm.h(2359,18): warning C4677: NewQueen: сигнатура члена, не являющегося частным, содержит частный тип сборки "Queen"
C:\Prog\My_repo_proj\MyChess3.0 LOCAL\MyForm.h(2360,17): warning C4677: NewKing: сигнатура члена, не являющегося частным, содержит частный тип сборки "King"
C:\Prog\My_repo_proj\MyChess3.0 LOCAL\MyForm.h(2337,30): warning C4965: неявная упаковка целого числа 0; используйте nullptr или явное приведение типов
C:\Prog\My_repo_proj\MyChess3.0 LOCAL\MyForm.h(2338,27): warning C4965: неявная упаковка целого числа 0; используйте nullptr или явное приведение типов
C:\Prog\My_repo_proj\MyChess3.0 LOCAL\MyForm.h(2339,26): warning C4965: неявная упаковка целого числа 0; используйте nullptr или явное приведение типов
C:\Prog\My_repo_proj\MyChess3.0 LOCAL\MyForm.h(2577,26): warning C4244: аргумент: преобразование "wchar_t" в "const _Elem", возможна потеря данных
C:\Prog\My_repo_proj\MyChess3.0 LOCAL\MyForm.h(2577,26): warning C4244:         with
C:\Prog\My_repo_proj\MyChess3.0 LOCAL\MyForm.h(2577,26): warning C4244:         [
C:\Prog\My_repo_proj\MyChess3.0 LOCAL\MyForm.h(2577,26): warning C4244:             _Elem=char
C:\Prog\My_repo_proj\MyChess3.0 LOCAL\MyForm.h(2577,26): warning C4244:         ]
C:\Prog\My_repo_proj\MyChess3.0 LOCAL\MyForm.h(2578,26): warning C4244: аргумент: преобразование "wchar_t" в "const _Elem", возможна потеря данных
C:\Prog\My_repo_proj\MyChess3.0 LOCAL\MyForm.h(2578,26): warning C4244:         with
C:\Prog\My_repo_proj\MyChess3.0 LOCAL\MyForm.h(2578,26): warning C4244:         [
C:\Prog\My_repo_proj\MyChess3.0 LOCAL\MyForm.h(2578,26): warning C4244:             _Elem=char
C:\Prog\My_repo_proj\MyChess3.0 LOCAL\MyForm.h(2578,26): warning C4244:         ]
C:\Prog\My_repo_proj\MyChess3.0 LOCAL\MyForm.h(2894,26): warning C4244: инициализация: преобразование "__int64" в "int", возможна потеря данных
C:\Prog\My_repo_proj\MyChess3.0 LOCAL\MyForm.h(3086,17): warning C4965: неявная упаковка целого числа 0; используйте nullptr или явное приведение типов
C:\Prog\My_repo_proj\MyChess3.0 LOCAL\MyForm.h(3087,16): warning C4965: неявная упаковка целого числа 0; используйте nullptr или явное приведение типов
  .NETFramework,Version=v4.7.2.AssemblyAttributes.cpp
  Создание кода...
C:\Prog\My_repo_proj\MyChess3.0 LOCAL\Board.h(62,1): warning C4715: FindPiece: значение возвращается не при всех путях выполнения
C:\Prog\My_repo_proj\MyChess3.0 LOCAL\PawnClass.h(108,1): warning C4715: Pawn::CheckForPossibleMove: значение возвращается не при всех путях выполнения
  MainForm.obj : обнаружен модуль MSIL; для MSIL последовательная компоновка отключена; выполняется полная компоновка
  MyChess3.0.vcxproj -> C:\Prog\My_repo_proj\MyChess3.0 LOCAL\x64\Release\MyChess3.0.exe
